<?xml version="1.0" encoding="UTF-8"?>
<!-- Generated by org.testng.reporters.JUnitReportReporter -->
<testsuite hostname="PBW181013" name="com.imdb.tests.ui.ChartTopNg" tests="3" failures="0" timestamp="12 Oct 2015 15:39:40 GMT" time="8.312" errors="0">
  <testcase name="checkThatAtLeastOneMoveDisplayedWhenChangingSortBySelector" time="4.329" classname="com.imdb.tests.ui.ChartTopNg"/>
  <testcase name="checkThatAtLeastOneMoveDisplayedIfUsingSortBySelectorAndAscendDescendControl" time="0.972" classname="com.imdb.tests.ui.ChartTopNg"/>
  <testcase name="checkThatAtLeastOneMovieWhenClickingTopMovies" time="3.011" classname="com.imdb.tests.ui.ChartTopNg"/>
</testsuite> <!-- com.imdb.tests.ui.ChartTopNg -->
